\o Program:		@(#)$CDS: libManager version 6.1.6 - CAT33 08/24/2014 13:48 (sjfnl834) $
\o Sub version:		sub-version  s012 
\o Arguments:		-mpssession virtuoso22165 -mpshost volta 
\o Working Directory:	volta:/home/castro/cadence/project1
\o Qt version: 		4.7.2
\o Log file is "/home/castro/cadence/project1/libManager.log".
\o Opening libManager window.
\o changeWorkingDir("/home/castro/cadence/project1") unnecessary.
\o ddSetForcedLib("") unnecessary.
\o MPS service: map window
\a nrResizeWindow(cdsLibManager list(512 24 821 525))
\o Library Manager customization server connected.
\a nrSetCurrentWindow(cdsLibManager)
\a nrResizeWindow(cdsLibManager list(512 24 821 525))
\w Warning: ddUpdateLibList: It appears that you are trying to run an OA executable on CDB data. Library 'avTech' contains file '/export/opt/cadence/installs/ASSURA41/tools.lnx86/assura/etc/avtech/avTech/prop.xx' which is CDB data. If this is an OA library, this file needs to be removed. If this is a CDB library, use cdb2oa to convert your data from CDB to OA and then try again.
\a nrSetCurrentWindow(cdsLibManager)
\a cdsLibManager->libListBox->value = "cdsDefTechLib"
\a cdsLibManager->libListBox->value = "nmostrial"
\a nrListItemAction(cdsLibManager->libListBox "nmostrial" 0)
\a cdsLibManager->libListBox->value = "CMOS"
\a nrListItemAction(cdsLibManager->libListBox "CMOS" 0)
\a cdsLibManager->libLineEdit->value = "CMOS"
\a nrSetCurrentWindow(cdsLibManager)
\a cdsLibManager->cellListBox->value = "NMOS"
\a cdsLibManager->viewListBox->value = "schematic"
\a cdsLibManager->viewLineEdit->value = "schematic"
\a cdsLibManager->cellListBox->value = "Inverter_testbench"
\a cdsLibManager->viewLineEdit->value = ""
\a cdsLibManager->viewListBox->value = nil
\a cdsLibManager->viewListBox->value = "schematic"
\a cdsLibManager->viewLineEdit->value = "schematic"
\a cdsLibManager->cellLineEdit->value = "Inverter_testbench"
\a cdsLibManager->viewListBox->value = "spectre_state1"
\a cdsLibManager->viewLineEdit->value = "spectre_state1"
\a cdsLibManager->viewListBox->value = nil
\a cdsLibManager->viewListBox->value = "spectre_state1"
\o MPS request: edit design
\a nrListItemAction(cdsLibManager->gdmXTView 1 0)
\a cdsLibManager->libListBox->value = nil
\a cdsLibManager->cellListBox->value = nil
\a cdsLibManager->viewLineEdit->value = ""
\a cdsLibManager->viewListBox->value = nil
\a cdsLibManager->cellLineEdit->value = ""
\a cdsLibManager->libLineEdit->value = ""
\w Warning: ddUpdateLibList: It appears that you are trying to run an OA executable on CDB data. Library 'avTech' contains file '/export/opt/cadence/installs/ASSURA41/tools.lnx86/assura/etc/avtech/avTech/prop.xx' which is CDB data. If this is an OA library, this file needs to be removed. If this is a CDB library, use cdb2oa to convert your data from CDB to OA and then try again.
\a cdsLibManager->libListBox->value = "CMOS"
\a cdsLibManager->libLineEdit->value = "CMOS"
\a cdsLibManager->cellListBox->value = "Inverter_testbench"
\a cdsLibManager->cellLineEdit->value = "Inverter_testbench"
\a cdsLibManager->viewListBox->value = "spectre_state1"
\a cdsLibManager->viewLineEdit->value = "spectre_state1"
\a cdsLibManager->viewLineEdit->value = ""
\a cdsLibManager->viewListBox->value = nil
\a cdsLibManager->viewListBox->value = "spectre_state1"
\a cdsLibManager->viewLineEdit->value = "spectre_state1"
\a nrSetCurrentWindow(cdsLibManager)
\a cdsLibManager->libListBox->value = nil
\a cdsLibManager->libListBox->value = nil
\a cdsLibManager->cellListBox->value = nil
\a cdsLibManager->viewLineEdit->value = ""
\a cdsLibManager->viewListBox->value = nil
\a cdsLibManager->cellLineEdit->value = ""
\a cdsLibManager->libListBox->value = nil
\a cdsLibManager->libListBox->value = nil
\a cdsLibManager->libListBox->value = nil
\a nrListItemAction(cdsLibManager->libListBox "avTech" 0)
\a cdsLibManager->libListBox->value = nil
\a cdsLibManager->libListBox->value = nil
\a cdsLibManager->libListBox->value = "NCSU_TechLib_tsmc03"
\a cdsLibManager->libListBox->value = "NCSU_TechLib_tsmc03d"
\a cdsLibManager->libListBox->value = nil
\a cdsLibManager->libListBox->value = nil
\a cdsLibManager->libListBox->value = nil
\a cdsLibManager->libListBox->value = nil
\a cdsLibManager->libListBox->value = nil
\a cdsLibManager->libListBox->value = nil
\a cdsLibManager->libLineEdit->value = ""
\a nrSetCurrentWindow(cdsLibManager)
\a cdsLibManager->libListBox->value = nil
\a cdsLibManager->libListBox->value = nil
\a cdsLibManager->libListBox->value = nil
\a cdsLibManager->libListBox->value = "basic"
\a cdsLibManager->libListBox->value = nil
\a cdsLibManager->libListBox->value = nil
\a cdsLibManager->libListBox->value = nil
\a cdsLibManager->libListBox->value = nil
\a cdsLibManager->libLineEdit->value = ""
\a cdsLibManager->libListBox->value = nil
\a cdsLibManager->libListBox->value = nil
\a cdsLibManager->libListBox->value = nil
\a cdsLibManager->libListBox->value = nil
\a cdsLibManager->libListBox->value = nil
\a cdsLibManager->libListBox->value = nil
\a cdsLibManager->libListBox->value = nil
\a nrListItemAction(cdsLibManager->libListBox "avTech" 0)
\a cdsLibManager->libListBox->value = nil
\a cdsLibManager->libListBox->value = nil
\a cdsLibManager->libListBox->value = "basic"
\a cdsLibManager->libListBox->value = nil
\a cdsLibManager->libListBox->value = "basic"
\a cdsLibManager->libListBox->value = nil
\a cdsLibManager->libListBox->value = nil
\a cdsLibManager->libListBox->value = nil
\a cdsLibManager->libListBox->value = nil
\a lmgrLogShowPopup("mainListPopup0" 23 158 2 "avTech")
\a cdsLibManager->libLineEdit->value = ""
\a cdsLibManager->editChangeRefsButton->value = t
\a nrSetWindowVisibility(changeRefDialog "show")
\a nrSetCurrentWindow(changeRefDialog)
\a nrResizeWindow(changeRefDialog list(0 0 690 528))
\a nrSetCurrentWindow(cdsLibManager)
\a cdsLibManager->libListBox->value = "NCSU_TechLib_ami16"
\a cdsLibManager->libListBox->value = "CMOS"
\a cdsLibManager->libLineEdit->value = "CMOS"
\a cdsLibManager->cellListBox->value = "Inverter_testbench"
\a cdsLibManager->viewListBox->value = "spectre_state1"
\a cdsLibManager->viewLineEdit->value = "spectre_state1"
\a nrListItemAction(cdsLibManager->cellListBox 1 0)
\a cdsLibManager->viewLineEdit->value = ""
\a cdsLibManager->viewListBox->value = nil
\o MPS request: edit design
\a cdsLibManager->cellLineEdit->value = "Inverter_testbench"
\a nrSetCurrentWindow(cdsLibManager)
\a cdsLibManager->viewListBox->value = "schematic"
\a cdsLibManager->viewLineEdit->value = "schematic"
\o MPS request: edit design
\a nrListItemAction(cdsLibManager->gdmXTView 0 0)
\a nrSetCurrentWindow(cdsLibManager)
\a cdsLibManager->libListBox->value = nil
\a cdsLibManager->cellListBox->value = nil
\a cdsLibManager->viewLineEdit->value = ""
\a cdsLibManager->viewListBox->value = nil
\a cdsLibManager->cellLineEdit->value = ""
\a cdsLibManager->libLineEdit->value = ""
\w Warning: ddUpdateLibList: It appears that you are trying to run an OA executable on CDB data. Library 'avTech' contains file '/export/opt/cadence/installs/ASSURA41/tools.lnx86/assura/etc/avtech/avTech/prop.xx' which is CDB data. If this is an OA library, this file needs to be removed. If this is a CDB library, use cdb2oa to convert your data from CDB to OA and then try again.
\a cdsLibManager->libListBox->value = "CMOS"
\a cdsLibManager->libLineEdit->value = "CMOS"
\a cdsLibManager->cellListBox->value = "Inverter_testbench"
\a cdsLibManager->cellLineEdit->value = "Inverter_testbench"
\a cdsLibManager->viewListBox->value = "schematic"
\a cdsLibManager->viewLineEdit->value = "schematic"
\a cdsLibManager->viewLineEdit->value = ""
\a cdsLibManager->viewListBox->value = nil
\a cdsLibManager->viewListBox->value = "schematic"
\a cdsLibManager->viewLineEdit->value = "schematic"
\a nrSetCurrentWindow(cdsLibManager)
\a nrSetCurrentWindow(cdsLibManager)
\a nrSetCurrentWindow(cdsLibManager)
\a nrSetCurrentWindow(cdsLibManager)
\a nrResizeWindow(cdsLibManager list(-7 0 958 1008))
\a nrSetCurrentWindow(cdsLibManager)
\a nrResizeWindow(cdsLibManager list(-7 -7 958 1008))
\a nrSetCurrentWindow(cdsLibManager)
\a cdsLibManager->libListBox->value = "cdsDefTechLib"
\a cdsLibManager->cellListBox->value = nil
\a cdsLibManager->viewLineEdit->value = ""
\a cdsLibManager->viewListBox->value = nil
\a cdsLibManager->cellLineEdit->value = ""
\a cdsLibManager->libListBox->value = "CMOS"
\a cdsLibManager->libLineEdit->value = "CMOS"
\a nrSetCurrentWindow(cdsLibManager)
\a nrResizeWindow(cdsLibManager list(-7 0 958 1008))
\a nrSetCurrentWindow(cdsLibManager)
\a cdsLibManager->cellListBox->value = "NMOS"
\a cdsLibManager->viewListBox->value = "schematic"
\a cdsLibManager->viewLineEdit->value = "schematic"
\a cdsLibManager->cellListBox->value = nil
\a cdsLibManager->viewLineEdit->value = ""
\a cdsLibManager->viewListBox->value = nil
\a nrListItemAction(cdsLibManager->cellListBox 2 0)
\a cdsLibManager->cellListBox->value = "NMOS"
\a cdsLibManager->viewListBox->value = "schematic"
\a cdsLibManager->viewLineEdit->value = "schematic"
\a cdsLibManager->viewLineEdit->value = ""
\a cdsLibManager->viewListBox->value = nil
\o MPS request: edit design
\a cdsLibManager->cellLineEdit->value = "NMOS"
\a nrSetCurrentWindow(cdsLibManager)
\a nrSetCurrentWindow(cdsLibManager)
\a nrResizeWindow(cdsLibManager list(-7 -7 958 1008))
\a nrSetCurrentWindow(cdsLibManager)
\a nrResizeWindow(cdsLibManager list(-7 0 958 1008))
\a nrResizeWindow(cdsLibManager list(-8 -8 1920 1017))
\a nrSetCurrentWindow(cdsLibManager)
\a cdsLibManager->cellListBox->value = nil
\a lmgrLogShowPopup("mainListPopup1" 148 179 2 "")
\a cdsLibManager->cellLineEdit->value = ""
\a cdsLibManager->editChangeRefsButton->value = t
\a nrSetWindowVisibility(changeRefDialog "show")
\a nrSetCurrentWindow(changeRefDialog)
\a nrResizeWindow(changeRefDialog list(182 182 690 528))
\a changeRefDialog->inLibsListWidget->value = '("CMOS" )
\a nrSetCurrentWindow(cdsLibManager)
\a cdsLibManager->cellListBox->value = "NMOS"
\a cdsLibManager->viewListBox->value = "schematic"
\a cdsLibManager->viewLineEdit->value = "schematic"
\a cdsLibManager->viewLineEdit->value = ""
\a cdsLibManager->viewListBox->value = nil
\a lmgrLogShowPopup("mainListPopup1" 208 43 2 "NMOS")
\a cdsLibManager->cellLineEdit->value = "NMOS"
\a cdsLibManager->viewReanalyzeStatesButton->value = t
\a lmgrLogShowPopup("mainListPopup1" 64 32 2 "NMOS")
\a cdsLibManager->viewListBox->value = "schematic"
\a cdsLibManager->viewLineEdit->value = "schematic"
\a lmgrLogShowPopup("mainListPopup2" 121 3 2 "castro@volta")
\a cdsLibManager->viewReanalyzeStatesButton->value = t
\a lmgrLogShowPopup("mainListPopup2" 81 6 2 "schematic")
\a cdsLibManager->FileOpenButton->value = t
\o MPS request: edit design
\a nrSetCurrentWindow(cdsLibManager)
\a nrSetCurrentWindow(cdsLibManager)
\a nrSetCurrentWindow(cdsLibManager)
\a cdsLibManager->cellListBox->value = nil
\a cdsLibManager->viewLineEdit->value = ""
\a cdsLibManager->viewListBox->value = nil
\a cdsLibManager->cellListBox->value = "Inverter_testbench"
\a cdsLibManager->viewListBox->value = "schematic"
\a cdsLibManager->viewLineEdit->value = "schematic"
\a cdsLibManager->cellListBox->value = "Inverter"
\a cdsLibManager->viewLineEdit->value = ""
\a cdsLibManager->viewListBox->value = nil
\a cdsLibManager->viewListBox->value = "schematic"
\a cdsLibManager->viewLineEdit->value = "schematic"
\a cdsLibManager->cellLineEdit->value = "Inverter"
\a cdsLibManager->viewListBox->value = nil
\a cdsLibManager->viewListBox->value = "symbol"
\a cdsLibManager->viewLineEdit->value = "symbol"
\a cdsLibManager->cellListBox->value = "NMOS"
\a cdsLibManager->viewLineEdit->value = ""
\a cdsLibManager->viewListBox->value = nil
\a cdsLibManager->viewListBox->value = "schematic"
\a cdsLibManager->viewLineEdit->value = "schematic"
\a cdsLibManager->cellListBox->value = "Inverter_testbench"
\a cdsLibManager->viewLineEdit->value = ""
\a cdsLibManager->viewListBox->value = nil
\a cdsLibManager->viewListBox->value = "schematic"
\a cdsLibManager->viewLineEdit->value = "schematic"
\a cdsLibManager->cellListBox->value = "Inverter"
\a cdsLibManager->viewLineEdit->value = ""
\a cdsLibManager->viewListBox->value = nil
\a cdsLibManager->viewListBox->value = "schematic"
\a cdsLibManager->viewLineEdit->value = "schematic"
\a cdsLibManager->cellListBox->value = nil
\a cdsLibManager->viewLineEdit->value = ""
\a cdsLibManager->viewListBox->value = nil
\a cdsLibManager->cellListBox->value = "Inverter_testbench"
\a cdsLibManager->viewListBox->value = "schematic"
\a cdsLibManager->viewLineEdit->value = "schematic"
\a cdsLibManager->cellListBox->value = "PMOS"
\a cdsLibManager->viewLineEdit->value = ""
\a cdsLibManager->viewListBox->value = nil
\a cdsLibManager->viewListBox->value = "schematic"
\a cdsLibManager->viewLineEdit->value = "schematic"
\a cdsLibManager->cellListBox->value = "NMOS"
\a cdsLibManager->viewLineEdit->value = ""
\a cdsLibManager->viewListBox->value = nil
\a cdsLibManager->viewListBox->value = "schematic"
\a cdsLibManager->viewLineEdit->value = "schematic"
\a cdsLibManager->cellListBox->value = "Inverter_testbench"
\a cdsLibManager->viewLineEdit->value = ""
\a cdsLibManager->viewListBox->value = nil
\a cdsLibManager->viewListBox->value = "schematic"
\a cdsLibManager->viewLineEdit->value = "schematic"
\a cdsLibManager->cellLineEdit->value = "Inverter_testbench"
\a nrSetWindowVisibility(cdsLibManager "hide")
\o libManager is exiting.
\a exit(0)
